build/app/intermediates/manifest_merge_blame_file/release/manifest-merger-blame-release-report.txt
1<?xml version="1.0" encoding="utf-8"?>
2<manifest xmlns:android="http://schemas.android.com/apk/res/android"
3    package="com.example.poc_stack_finance"
4    android:versionCode="1"
5    android:versionName="1.0.0" >
6
7    <uses-sdk
8        android:minSdkVersion="16"
8-->src/main/AndroidManifest.xml
9        android:targetSdkVersion="28" />
9-->src/main/AndroidManifest.xml
10    <!-- Although the *SdkVersion is captured in gradle build files, this is required for non gradle builds -->
11    <!-- <uses-sdk android:minSdkVersion="14"/> -->
12    <uses-permission android:name="android.permission.ACCESS_NETWORK_STATE" />
12-->[com.google.firebase:firebase-database:19.3.0] AndroidManifest.xml:25:5-79
12-->[com.google.firebase:firebase-database:19.3.0] AndroidManifest.xml:25:22-76
13    <uses-permission android:name="android.permission.INTERNET" />
13-->[com.google.firebase:firebase-database:19.3.0] AndroidManifest.xml:26:5-67
13-->[com.google.firebase:firebase-database:19.3.0] AndroidManifest.xml:26:22-64
14    <uses-permission android:name="android.permission.WAKE_LOCK" /> <!-- Required by older versions of Google Play services to create IID tokens -->
14-->[com.google.android.gms:play-services-measurement-api:17.4.1] AndroidManifest.xml:24:5-68
14-->[com.google.android.gms:play-services-measurement-api:17.4.1] AndroidManifest.xml:24:22-65
15    <uses-permission android:name="com.google.android.c2dm.permission.RECEIVE" />
15-->[com.google.firebase:firebase-iid:20.1.5] AndroidManifest.xml:26:5-82
15-->[com.google.firebase:firebase-iid:20.1.5] AndroidManifest.xml:26:22-79
16    <uses-permission android:name="com.google.android.finsky.permission.BIND_GET_INSTALL_REFERRER_SERVICE" />
16-->[com.google.android.gms:play-services-measurement:17.4.1] AndroidManifest.xml:26:5-110
16-->[com.google.android.gms:play-services-measurement:17.4.1] AndroidManifest.xml:26:22-107
17    <!--
18 io.flutter.app.FlutterApplication is an android.app.Application that
19         calls FlutterMain.startInitialization(this); in its onCreate method.
20         In most cases you can leave this as-is, but you if you want to provide
21         additional functionality it is fine to subclass or reimplement
22         FlutterApplication and put your custom class here.
23    -->
24    <application
24-->src/main/AndroidManifest.xml:8:5-46:19
25        android:name="io.flutter.app.FlutterApplication"
25-->src/main/AndroidManifest.xml:9:9-57
26        android:appComponentFactory="androidx.core.app.CoreComponentFactory"
26-->[androidx.core:core:1.1.0] AndroidManifest.xml:24:18-86
27        android:icon="@mipmap/ic_launcher"
27-->src/main/AndroidManifest.xml:11:9-43
28        android:label="poc_stack_finance" >
28-->src/main/AndroidManifest.xml:10:9-42
29        <activity
29-->src/main/AndroidManifest.xml:12:9-40:20
30            android:name="com.example.poc_stack_finance.MainActivity"
30-->src/main/AndroidManifest.xml:13:13-41
31            android:configChanges="orientation|keyboardHidden|keyboard|screenSize|smallestScreenSize|locale|layoutDirection|fontScale|screenLayout|density|uiMode"
31-->src/main/AndroidManifest.xml:16:13-163
32            android:hardwareAccelerated="true"
32-->src/main/AndroidManifest.xml:17:13-47
33            android:launchMode="singleTop"
33-->src/main/AndroidManifest.xml:14:13-43
34            android:theme="@style/LaunchTheme"
34-->src/main/AndroidManifest.xml:15:13-47
35            android:windowSoftInputMode="adjustResize" >
35-->src/main/AndroidManifest.xml:18:13-55
36
37            <!--
38                 Specifies an Android theme to apply to this Activity as soon as
39                 the Android process has started. This theme is visible to the user
40                 while the Flutter UI initializes. After that, this theme continues
41                 to determine the Window background behind the Flutter UI.
42            -->
43            <meta-data
43-->src/main/AndroidManifest.xml:23:13-26:17
44                android:name="io.flutter.embedding.android.NormalTheme"
44-->src/main/AndroidManifest.xml:24:15-70
45                android:resource="@style/NormalTheme" />
45-->src/main/AndroidManifest.xml:25:15-52
46            <!--
47                 Displays an Android View that continues showing the launch screen
48                 Drawable until Flutter paints its first frame, then this splash
49                 screen fades out. A splash screen is useful to avoid any visual
50                 gap between the end of Android's launch screen and the painting of
51                 Flutter's first frame.
52            -->
53            <meta-data
53-->src/main/AndroidManifest.xml:32:13-35:17
54                android:name="io.flutter.embedding.android.SplashScreenDrawable"
54-->src/main/AndroidManifest.xml:33:15-79
55                android:resource="@drawable/launch_background" />
55-->src/main/AndroidManifest.xml:34:15-61
56
57            <intent-filter>
57-->src/main/AndroidManifest.xml:36:13-39:29
58                <action android:name="android.intent.action.MAIN" />
58-->src/main/AndroidManifest.xml:37:17-68
58-->src/main/AndroidManifest.xml:37:25-66
59
60                <category android:name="android.intent.category.LAUNCHER" />
60-->src/main/AndroidManifest.xml:38:17-76
60-->src/main/AndroidManifest.xml:38:27-74
61            </intent-filter>
62        </activity>
63        <!--
64             Don't delete the meta-data below.
65             This is used by the Flutter tool to generate GeneratedPluginRegistrant.java
66        -->
67        <meta-data
67-->src/main/AndroidManifest.xml:43:9-45:33
68            android:name="flutterEmbedding"
68-->src/main/AndroidManifest.xml:44:13-44
69            android:value="2" />
69-->src/main/AndroidManifest.xml:45:13-30
70
71        <service
71-->[:firebase_auth] AndroidManifest.xml:8:9-12:19
72            android:name="com.google.firebase.components.ComponentDiscoveryService"
72-->[:firebase_auth] AndroidManifest.xml:8:18-89
73            android:directBootAware="true"
73-->[com.google.firebase:firebase-common:19.3.0] AndroidManifest.xml:34:13-43
74            android:exported="false" >
74-->[com.google.firebase:firebase-auth:19.3.1] AndroidManifest.xml:35:13-37
75            <meta-data
75-->[:firebase_auth] AndroidManifest.xml:9:13-11:85
76                android:name="com.google.firebase.components:io.flutter.plugins.firebase.auth.FlutterFirebaseAuthRegistrar"
76-->[:firebase_auth] AndroidManifest.xml:10:17-124
77                android:value="com.google.firebase.components.ComponentRegistrar" />
77-->[:firebase_auth] AndroidManifest.xml:11:17-82
78            <meta-data
78-->[:firebase_database] AndroidManifest.xml:9:13-11:85
79                android:name="com.google.firebase.components:io.flutter.plugins.firebase.database.FlutterFirebaseAppRegistrar"
79-->[:firebase_database] AndroidManifest.xml:10:17-127
80                android:value="com.google.firebase.components.ComponentRegistrar" />
80-->[:firebase_database] AndroidManifest.xml:11:17-82
81            <meta-data
81-->[:firebase_core] AndroidManifest.xml:9:13-11:85
82                android:name="com.google.firebase.components:io.flutter.plugins.firebase.core.FlutterFirebaseCoreRegistrar"
82-->[:firebase_core] AndroidManifest.xml:10:17-124
83                android:value="com.google.firebase.components.ComponentRegistrar" />
83-->[:firebase_core] AndroidManifest.xml:11:17-82
84            <meta-data
84-->[com.google.firebase:firebase-auth:19.3.1] AndroidManifest.xml:36:13-38:85
85                android:name="com.google.firebase.components:com.google.firebase.auth.FirebaseAuthRegistrar"
85-->[com.google.firebase:firebase-auth:19.3.1] AndroidManifest.xml:37:17-109
86                android:value="com.google.firebase.components.ComponentRegistrar" />
86-->[com.google.firebase:firebase-auth:19.3.1] AndroidManifest.xml:38:17-82
87            <meta-data
87-->[com.google.firebase:firebase-database:19.3.0] AndroidManifest.xml:32:13-34:85
88                android:name="com.google.firebase.components:com.google.firebase.database.DatabaseRegistrar"
88-->[com.google.firebase:firebase-database:19.3.0] AndroidManifest.xml:33:17-109
89                android:value="com.google.firebase.components.ComponentRegistrar" />
89-->[com.google.firebase:firebase-database:19.3.0] AndroidManifest.xml:34:17-82
90            <meta-data
90-->[com.google.android.gms:play-services-measurement-api:17.4.1] AndroidManifest.xml:30:13-32:85
91                android:name="com.google.firebase.components:com.google.firebase.analytics.connector.internal.AnalyticsConnectorRegistrar"
91-->[com.google.android.gms:play-services-measurement-api:17.4.1] AndroidManifest.xml:31:17-139
92                android:value="com.google.firebase.components.ComponentRegistrar" />
92-->[com.google.android.gms:play-services-measurement-api:17.4.1] AndroidManifest.xml:32:17-82
93            <meta-data
93-->[com.google.firebase:firebase-iid:20.1.5] AndroidManifest.xml:32:13-34:85
94                android:name="com.google.firebase.components:com.google.firebase.iid.Registrar"
94-->[com.google.firebase:firebase-iid:20.1.5] AndroidManifest.xml:33:17-96
95                android:value="com.google.firebase.components.ComponentRegistrar" />
95-->[com.google.firebase:firebase-iid:20.1.5] AndroidManifest.xml:34:17-82
96            <meta-data
96-->[com.google.firebase:firebase-installations:16.2.1] AndroidManifest.xml:17:13-19:85
97                android:name="com.google.firebase.components:com.google.firebase.installations.FirebaseInstallationsRegistrar"
97-->[com.google.firebase:firebase-installations:16.2.1] AndroidManifest.xml:18:17-127
98                android:value="com.google.firebase.components.ComponentRegistrar" />
98-->[com.google.firebase:firebase-installations:16.2.1] AndroidManifest.xml:19:17-82
99        </service>
100
101        <activity
101-->[com.google.firebase:firebase-auth:19.3.1] AndroidManifest.xml:24:9-31:50
102            android:name="com.google.firebase.auth.internal.FederatedSignInActivity"
102-->[com.google.firebase:firebase-auth:19.3.1] AndroidManifest.xml:25:13-85
103            android:excludeFromRecents="true"
103-->[com.google.firebase:firebase-auth:19.3.1] AndroidManifest.xml:26:13-46
104            android:exported="true"
104-->[com.google.firebase:firebase-auth:19.3.1] AndroidManifest.xml:27:13-36
105            android:launchMode="singleTask"
105-->[com.google.firebase:firebase-auth:19.3.1] AndroidManifest.xml:28:13-44
106            android:permission="com.google.firebase.auth.api.gms.permission.LAUNCH_FEDERATED_SIGN_IN"
106-->[com.google.firebase:firebase-auth:19.3.1] AndroidManifest.xml:29:13-102
107            android:theme="@android:style/Theme.Translucent.NoTitleBar" />
107-->[com.google.firebase:firebase-auth:19.3.1] AndroidManifest.xml:30:13-72
108
109        <receiver
109-->[com.google.firebase:firebase-iid:20.1.5] AndroidManifest.xml:37:9-44:20
110            android:name="com.google.firebase.iid.FirebaseInstanceIdReceiver"
110-->[com.google.firebase:firebase-iid:20.1.5] AndroidManifest.xml:38:13-78
111            android:exported="true"
111-->[com.google.firebase:firebase-iid:20.1.5] AndroidManifest.xml:39:13-36
112            android:permission="com.google.android.c2dm.permission.SEND" >
112-->[com.google.firebase:firebase-iid:20.1.5] AndroidManifest.xml:40:13-73
113            <intent-filter>
113-->[com.google.firebase:firebase-iid:20.1.5] AndroidManifest.xml:41:13-43:29
114                <action android:name="com.google.android.c2dm.intent.RECEIVE" />
114-->[com.google.firebase:firebase-iid:20.1.5] AndroidManifest.xml:42:17-81
114-->[com.google.firebase:firebase-iid:20.1.5] AndroidManifest.xml:42:25-78
115            </intent-filter>
116        </receiver>
117
118        <activity
118-->[com.google.android.gms:play-services-base:17.1.0] AndroidManifest.xml:23:9-26:75
119            android:name="com.google.android.gms.common.api.GoogleApiActivity"
119-->[com.google.android.gms:play-services-base:17.1.0] AndroidManifest.xml:24:13-79
120            android:exported="false"
120-->[com.google.android.gms:play-services-base:17.1.0] AndroidManifest.xml:25:13-37
121            android:theme="@android:style/Theme.Translucent.NoTitleBar" />
121-->[com.google.android.gms:play-services-base:17.1.0] AndroidManifest.xml:26:13-72
122
123        <provider
123-->[com.google.firebase:firebase-common:19.3.0] AndroidManifest.xml:26:9-30:39
124            android:name="com.google.firebase.provider.FirebaseInitProvider"
124-->[com.google.firebase:firebase-common:19.3.0] AndroidManifest.xml:27:13-77
125            android:authorities="com.example.poc_stack_finance.firebaseinitprovider"
125-->[com.google.firebase:firebase-common:19.3.0] AndroidManifest.xml:28:13-72
126            android:exported="false"
126-->[com.google.firebase:firebase-common:19.3.0] AndroidManifest.xml:29:13-37
127            android:initOrder="100" />
127-->[com.google.firebase:firebase-common:19.3.0] AndroidManifest.xml:30:13-36
128
129        <receiver
129-->[com.google.android.gms:play-services-measurement:17.4.1] AndroidManifest.xml:29:9-33:20
130            android:name="com.google.android.gms.measurement.AppMeasurementReceiver"
130-->[com.google.android.gms:play-services-measurement:17.4.1] AndroidManifest.xml:30:13-85
131            android:enabled="true"
131-->[com.google.android.gms:play-services-measurement:17.4.1] AndroidManifest.xml:31:13-35
132            android:exported="false" >
132-->[com.google.android.gms:play-services-measurement:17.4.1] AndroidManifest.xml:32:13-37
133        </receiver>
134
135        <service
135-->[com.google.android.gms:play-services-measurement:17.4.1] AndroidManifest.xml:35:9-38:40
136            android:name="com.google.android.gms.measurement.AppMeasurementService"
136-->[com.google.android.gms:play-services-measurement:17.4.1] AndroidManifest.xml:36:13-84
137            android:enabled="true"
137-->[com.google.android.gms:play-services-measurement:17.4.1] AndroidManifest.xml:37:13-35
138            android:exported="false" />
138-->[com.google.android.gms:play-services-measurement:17.4.1] AndroidManifest.xml:38:13-37
139        <service
139-->[com.google.android.gms:play-services-measurement:17.4.1] AndroidManifest.xml:39:9-43:72
140            android:name="com.google.android.gms.measurement.AppMeasurementJobService"
140-->[com.google.android.gms:play-services-measurement:17.4.1] AndroidManifest.xml:40:13-87
141            android:enabled="true"
141-->[com.google.android.gms:play-services-measurement:17.4.1] AndroidManifest.xml:41:13-35
142            android:exported="false"
142-->[com.google.android.gms:play-services-measurement:17.4.1] AndroidManifest.xml:42:13-37
143            android:permission="android.permission.BIND_JOB_SERVICE" />
143-->[com.google.android.gms:play-services-measurement:17.4.1] AndroidManifest.xml:43:13-69
144
145        <meta-data
145-->[com.google.android.gms:play-services-basement:17.0.0] AndroidManifest.xml:23:9-25:69
146            android:name="com.google.android.gms.version"
146-->[com.google.android.gms:play-services-basement:17.0.0] AndroidManifest.xml:24:13-58
147            android:value="@integer/google_play_services_version" />
147-->[com.google.android.gms:play-services-basement:17.0.0] AndroidManifest.xml:25:13-66
148    </application>
149
150</manifest>